<?xml version="1.0" encoding="UTF-8"?>
<testsuite xmlns:xsi="http://www.w3.org/2001/XMLSchema-instance" xsi:noNamespaceSchemaLocation="https://maven.apache.org/surefire/maven-surefire-plugin/xsd/surefire-test-report-3.0.xsd" version="3.0" name="ValidParenthesesTest" time="0.029" tests="4" errors="0" skipped="0" failures="0">
  <properties>
[...]
</properties>
  <testcase name="givenNullString_whenCallIsValidMethod_thenFailed" classname="ValidParenthesesTest" time="0.015"/>
  <testcase name="canCreate" classname="ValidParenthesesTest" time="0.0"/>
  <testcase name="givenString_whenCallIsValidMethod_thenSuccess" classname="ValidParenthesesTest" time="0.001"/>
  <testcase name="givenEmptyString_whenCallIsValidMethod_thenFailed" classname="ValidParenthesesTest" time="0.001"/>
</testsuite>